{"/home/larissa/Documentos/projetos/estudos node/api-book-store/src/prisma.ts": {"path":"/home/larissa/Documentos/projetos/estudos node/api-book-store/src/prisma.ts","statementMap":{"0":{"start":{"line":1,"column":0},"end":{"line":1,"column":46}},"1":{"start":{"line":3,"column":13},"end":{"line":5,"column":null}}},"fnMap":{},"branchMap":{},"s":{"0":2,"1":2},"f":{},"b":{}}
,"/home/larissa/Documentos/projetos/estudos node/api-book-store/src/secrets.ts": {"path":"/home/larissa/Documentos/projetos/estudos node/api-book-store/src/secrets.ts","statementMap":{"0":{"start":{"line":1,"column":0},"end":{"line":1,"column":28}},"1":{"start":{"line":3,"column":0},"end":{"line":5,"column":null}},"2":{"start":{"line":7,"column":13},"end":{"line":7,"column":null}},"3":{"start":{"line":8,"column":13},"end":{"line":8,"column":null}}},"fnMap":{},"branchMap":{},"s":{"0":1,"1":1,"2":1,"3":1},"f":{},"b":{}}
,"/home/larissa/Documentos/projetos/estudos node/api-book-store/src/exceptions/bad-requests.ts": {"path":"/home/larissa/Documentos/projetos/estudos node/api-book-store/src/exceptions/bad-requests.ts","statementMap":{"0":{"start":{"line":1,"column":0},"end":{"line":1,"column":59}},"1":{"start":{"line":5,"column":8},"end":{"line":5,"column":39}},"2":{"start":{"line":3,"column":0},"end":{"line":3,"column":13}}},"fnMap":{"0":{"name":"(anonymous_0)","decl":{"start":{"line":4,"column":4},"end":{"line":4,"column":16}},"loc":{"start":{"line":4,"column":50},"end":{"line":6,"column":5}}}},"branchMap":{},"s":{"0":2,"1":0,"2":2},"f":{"0":0},"b":{}}
,"/home/larissa/Documentos/projetos/estudos node/api-book-store/src/exceptions/http.exception.ts": {"path":"/home/larissa/Documentos/projetos/estudos node/api-book-store/src/exceptions/http.exception.ts","statementMap":{"0":{"start":{"line":7,"column":8},"end":{"line":7,"column":23}},"1":{"start":{"line":8,"column":8},"end":{"line":8,"column":31}},"2":{"start":{"line":9,"column":8},"end":{"line":9,"column":35}},"3":{"start":{"line":10,"column":8},"end":{"line":10,"column":37}},"4":{"start":{"line":1,"column":0},"end":{"line":1,"column":13}},"5":{"start":{"line":14,"column":0},"end":{"line":14,"column":null}},"6":{"start":{"line":15,"column":4},"end":{"line":15,"column":null}},"7":{"start":{"line":16,"column":4},"end":{"line":16,"column":null}},"8":{"start":{"line":17,"column":4},"end":{"line":17,"column":null}},"9":{"start":{"line":18,"column":4},"end":{"line":18,"column":null}},"10":{"start":{"line":19,"column":4},"end":{"line":19,"column":null}},"11":{"start":{"line":20,"column":4},"end":{"line":20,"column":null}},"12":{"start":{"line":21,"column":4},"end":{"line":21,"column":null}},"13":{"start":{"line":22,"column":4},"end":{"line":22,"column":null}},"14":{"start":{"line":23,"column":4},"end":{"line":23,"column":null}},"15":{"start":{"line":24,"column":4},"end":{"line":24,"column":null}},"16":{"start":{"line":25,"column":4},"end":{"line":25,"column":null}},"17":{"start":{"line":26,"column":4},"end":{"line":26,"column":null}},"18":{"start":{"line":27,"column":4},"end":{"line":27,"column":null}},"19":{"start":{"line":28,"column":4},"end":{"line":28,"column":null}},"20":{"start":{"line":29,"column":4},"end":{"line":29,"column":null}},"21":{"start":{"line":30,"column":4},"end":{"line":30,"column":null}},"22":{"start":{"line":31,"column":4},"end":{"line":31,"column":null}},"23":{"start":{"line":32,"column":4},"end":{"line":32,"column":null}},"24":{"start":{"line":33,"column":4},"end":{"line":33,"column":null}},"25":{"start":{"line":34,"column":4},"end":{"line":34,"column":null}},"26":{"start":{"line":35,"column":4},"end":{"line":35,"column":null}},"27":{"start":{"line":36,"column":4},"end":{"line":36,"column":null}},"28":{"start":{"line":37,"column":4},"end":{"line":37,"column":null}},"29":{"start":{"line":38,"column":4},"end":{"line":38,"column":null}},"30":{"start":{"line":41,"column":0},"end":{"line":41,"column":null}},"31":{"start":{"line":42,"column":4},"end":{"line":42,"column":null}},"32":{"start":{"line":43,"column":4},"end":{"line":43,"column":null}},"33":{"start":{"line":44,"column":4},"end":{"line":44,"column":null}},"34":{"start":{"line":45,"column":4},"end":{"line":45,"column":null}},"35":{"start":{"line":46,"column":4},"end":{"line":46,"column":null}},"36":{"start":{"line":47,"column":4},"end":{"line":47,"column":null}},"37":{"start":{"line":48,"column":4},"end":{"line":48,"column":null}},"38":{"start":{"line":49,"column":4},"end":{"line":49,"column":null}},"39":{"start":{"line":50,"column":4},"end":{"line":50,"column":null}},"40":{"start":{"line":51,"column":4},"end":{"line":51,"column":null}}},"fnMap":{"0":{"name":"(anonymous_0)","decl":{"start":{"line":6,"column":4},"end":{"line":6,"column":16}},"loc":{"start":{"line":6,"column":70},"end":{"line":11,"column":5}}},"1":{"name":"(anonymous_1)","decl":{"start":{"line":14,"column":0},"end":{"line":14,"column":12}},"loc":{"start":{"line":14,"column":20},"end":{"line":39,"column":1}}},"2":{"name":"(anonymous_2)","decl":{"start":{"line":41,"column":0},"end":{"line":41,"column":12}},"loc":{"start":{"line":41,"column":23},"end":{"line":52,"column":1}}}},"branchMap":{"0":{"loc":{"start":{"line":14,"column":12},"end":{"line":14,"column":null}},"type":"binary-expr","locations":[{"start":{"line":14,"column":12},"end":{"line":14,"column":20}},{"start":{"line":14,"column":20},"end":{"line":14,"column":null}}]},"1":{"loc":{"start":{"line":41,"column":12},"end":{"line":41,"column":null}},"type":"binary-expr","locations":[{"start":{"line":41,"column":12},"end":{"line":41,"column":23}},{"start":{"line":41,"column":23},"end":{"line":41,"column":null}}]}},"s":{"0":0,"1":0,"2":0,"3":0,"4":2,"5":2,"6":2,"7":2,"8":2,"9":2,"10":2,"11":2,"12":2,"13":2,"14":2,"15":2,"16":2,"17":2,"18":2,"19":2,"20":2,"21":2,"22":2,"23":2,"24":2,"25":2,"26":2,"27":2,"28":2,"29":2,"30":2,"31":2,"32":2,"33":2,"34":2,"35":2,"36":2,"37":2,"38":2,"39":2,"40":2},"f":{"0":0,"1":2,"2":2},"b":{"0":[2,2],"1":[2,2]}}
,"/home/larissa/Documentos/projetos/estudos node/api-book-store/src/repositories/book.repository.ts": {"path":"/home/larissa/Documentos/projetos/estudos node/api-book-store/src/repositories/book.repository.ts","statementMap":{"0":{"start":{"line":1,"column":0},"end":{"line":1,"column":41}},"1":{"start":{"line":3,"column":28},"end":{"line":14,"column":null}},"2":{"start":{"line":3,"column":110},"end":{"line":14,"column":null}},"3":{"start":{"line":5,"column":4},"end":{"line":13,"column":7}},"4":{"start":{"line":3,"column":13},"end":{"line":3,"column":28}},"5":{"start":{"line":16,"column":30},"end":{"line":18,"column":null}},"6":{"start":{"line":16,"column":51},"end":{"line":18,"column":null}},"7":{"start":{"line":17,"column":4},"end":{"line":17,"column":null}},"8":{"start":{"line":16,"column":13},"end":{"line":16,"column":30}},"9":{"start":{"line":20,"column":23},"end":{"line":22,"column":null}},"10":{"start":{"line":20,"column":33},"end":{"line":22,"column":null}},"11":{"start":{"line":21,"column":4},"end":{"line":21,"column":46}},"12":{"start":{"line":20,"column":13},"end":{"line":20,"column":23}},"13":{"start":{"line":24,"column":28},"end":{"line":26,"column":null}},"14":{"start":{"line":24,"column":47},"end":{"line":26,"column":null}},"15":{"start":{"line":25,"column":4},"end":{"line":25,"column":70}},"16":{"start":{"line":24,"column":13},"end":{"line":24,"column":28}},"17":{"start":{"line":28,"column":34},"end":{"line":37,"column":null}},"18":{"start":{"line":28,"column":76},"end":{"line":37,"column":null}},"19":{"start":{"line":29,"column":4},"end":{"line":36,"column":7}},"20":{"start":{"line":28,"column":13},"end":{"line":28,"column":34}},"21":{"start":{"line":40,"column":31},"end":{"line":49,"column":null}},"22":{"start":{"line":40,"column":70},"end":{"line":49,"column":null}},"23":{"start":{"line":41,"column":4},"end":{"line":48,"column":7}},"24":{"start":{"line":40,"column":13},"end":{"line":40,"column":31}}},"fnMap":{"0":{"name":"(anonymous_7)","decl":{"start":{"line":3,"column":28},"end":{"line":3,"column":35}},"loc":{"start":{"line":3,"column":110},"end":{"line":14,"column":null}}},"1":{"name":"(anonymous_8)","decl":{"start":{"line":3,"column":110},"end":{"line":3,"column":null}},"loc":{"start":{"line":3,"column":110},"end":{"line":14,"column":1}}},"2":{"name":"(anonymous_9)","decl":{"start":{"line":16,"column":30},"end":{"line":16,"column":36}},"loc":{"start":{"line":16,"column":51},"end":{"line":18,"column":null}}},"3":{"name":"(anonymous_10)","decl":{"start":{"line":16,"column":51},"end":{"line":16,"column":null}},"loc":{"start":{"line":16,"column":51},"end":{"line":18,"column":1}}},"4":{"name":"(anonymous_11)","decl":{"start":{"line":20,"column":23},"end":{"line":20,"column":31}},"loc":{"start":{"line":20,"column":33},"end":{"line":22,"column":null}}},"5":{"name":"(anonymous_12)","decl":{"start":{"line":20,"column":33},"end":{"line":20,"column":null}},"loc":{"start":{"line":20,"column":33},"end":{"line":22,"column":1}}},"6":{"name":"(anonymous_13)","decl":{"start":{"line":24,"column":28},"end":{"line":24,"column":34}},"loc":{"start":{"line":24,"column":47},"end":{"line":26,"column":null}}},"7":{"name":"(anonymous_14)","decl":{"start":{"line":24,"column":47},"end":{"line":24,"column":null}},"loc":{"start":{"line":24,"column":47},"end":{"line":26,"column":1}}},"8":{"name":"(anonymous_15)","decl":{"start":{"line":28,"column":34},"end":{"line":28,"column":41}},"loc":{"start":{"line":28,"column":76},"end":{"line":37,"column":null}}},"9":{"name":"(anonymous_16)","decl":{"start":{"line":28,"column":76},"end":{"line":28,"column":null}},"loc":{"start":{"line":28,"column":76},"end":{"line":37,"column":1}}},"10":{"name":"(anonymous_17)","decl":{"start":{"line":40,"column":31},"end":{"line":40,"column":38}},"loc":{"start":{"line":40,"column":70},"end":{"line":49,"column":null}}},"11":{"name":"(anonymous_18)","decl":{"start":{"line":40,"column":70},"end":{"line":40,"column":null}},"loc":{"start":{"line":40,"column":70},"end":{"line":49,"column":1}}}},"branchMap":{},"s":{"0":1,"1":1,"2":0,"3":0,"4":1,"5":1,"6":0,"7":0,"8":1,"9":1,"10":0,"11":0,"12":1,"13":1,"14":0,"15":0,"16":1,"17":1,"18":0,"19":0,"20":1,"21":1,"22":0,"23":0,"24":1},"f":{"0":0,"1":0,"2":0,"3":0,"4":0,"5":0,"6":0,"7":0,"8":0,"9":0,"10":0,"11":0},"b":{}}
,"/home/larissa/Documentos/projetos/estudos node/api-book-store/src/repositories/user.repository.ts": {"path":"/home/larissa/Documentos/projetos/estudos node/api-book-store/src/repositories/user.repository.ts","statementMap":{"0":{"start":{"line":1,"column":0},"end":{"line":1,"column":40}},"1":{"start":{"line":5,"column":25},"end":{"line":9,"column":null}},"2":{"start":{"line":5,"column":49},"end":{"line":9,"column":null}},"3":{"start":{"line":6,"column":4},"end":{"line":8,"column":null}},"4":{"start":{"line":5,"column":13},"end":{"line":5,"column":25}},"5":{"start":{"line":11,"column":28},"end":{"line":19,"column":null}},"6":{"start":{"line":11,"column":83},"end":{"line":19,"column":null}},"7":{"start":{"line":12,"column":4},"end":{"line":18,"column":7}},"8":{"start":{"line":11,"column":13},"end":{"line":11,"column":28}}},"fnMap":{"0":{"name":"(anonymous_7)","decl":{"start":{"line":5,"column":25},"end":{"line":5,"column":32}},"loc":{"start":{"line":5,"column":49},"end":{"line":9,"column":null}}},"1":{"name":"(anonymous_8)","decl":{"start":{"line":5,"column":49},"end":{"line":5,"column":null}},"loc":{"start":{"line":5,"column":49},"end":{"line":9,"column":1}}},"2":{"name":"(anonymous_9)","decl":{"start":{"line":11,"column":28},"end":{"line":11,"column":35}},"loc":{"start":{"line":11,"column":83},"end":{"line":19,"column":null}}},"3":{"name":"(anonymous_10)","decl":{"start":{"line":11,"column":83},"end":{"line":11,"column":null}},"loc":{"start":{"line":11,"column":83},"end":{"line":19,"column":1}}}},"branchMap":{},"s":{"0":1,"1":1,"2":0,"3":0,"4":1,"5":1,"6":0,"7":0,"8":1},"f":{"0":0,"1":0,"2":0,"3":0},"b":{}}
,"/home/larissa/Documentos/projetos/estudos node/api-book-store/src/services/book.service.ts": {"path":"/home/larissa/Documentos/projetos/estudos node/api-book-store/src/services/book.service.ts","statementMap":{"0":{"start":{"line":1,"column":0},"end":{"line":1,"column":66}},"1":{"start":{"line":2,"column":0},"end":{"line":2,"column":69}},"2":{"start":{"line":3,"column":0},"end":{"line":3,"column":102}},"3":{"start":{"line":9,"column":25},"end":{"line":9,"column":51}},"4":{"start":{"line":11,"column":8},"end":{"line":13,"column":9}},"5":{"start":{"line":12,"column":12},"end":{"line":12,"column":97}},"6":{"start":{"line":15,"column":8},"end":{"line":21,"column":null}},"7":{"start":{"line":25,"column":8},"end":{"line":25,"column":31}},"8":{"start":{"line":29,"column":8},"end":{"line":29,"column":38}},"9":{"start":{"line":33,"column":0},"end":{"line":33,"column":27}}},"fnMap":{"0":{"name":"(anonymous_7)","decl":{"start":{"line":7,"column":10},"end":{"line":7,"column":20}},"loc":{"start":{"line":7,"column":93},"end":{"line":22,"column":null}}},"1":{"name":"(anonymous_9)","decl":{"start":{"line":24,"column":10},"end":{"line":24,"column":17}},"loc":{"start":{"line":24,"column":17},"end":{"line":26,"column":null}}},"2":{"name":"(anonymous_11)","decl":{"start":{"line":28,"column":10},"end":{"line":28,"column":18}},"loc":{"start":{"line":28,"column":28},"end":{"line":30,"column":null}}}},"branchMap":{"0":{"loc":{"start":{"line":11,"column":8},"end":{"line":13,"column":9}},"type":"if","locations":[{"start":{"line":11,"column":8},"end":{"line":13,"column":9}}]}},"s":{"0":1,"1":1,"2":1,"3":1,"4":1,"5":0,"6":1,"7":0,"8":0,"9":1},"f":{"0":1,"1":0,"2":0},"b":{"0":[0]}}
,"/home/larissa/Documentos/projetos/estudos node/api-book-store/src/services/user.service.ts": {"path":"/home/larissa/Documentos/projetos/estudos node/api-book-store/src/services/user.service.ts","statementMap":{"0":{"start":{"line":1,"column":0},"end":{"line":1,"column":73}},"1":{"start":{"line":2,"column":0},"end":{"line":2,"column":47}},"2":{"start":{"line":3,"column":0},"end":{"line":3,"column":36}},"3":{"start":{"line":4,"column":0},"end":{"line":4,"column":66}},"4":{"start":{"line":5,"column":0},"end":{"line":5,"column":69}},"5":{"start":{"line":6,"column":0},"end":{"line":6,"column":40}},"6":{"start":{"line":11,"column":19},"end":{"line":11,"column":40}},"7":{"start":{"line":13,"column":8},"end":{"line":15,"column":9}},"8":{"start":{"line":14,"column":12},"end":{"line":14,"column":97}},"9":{"start":{"line":17,"column":8},"end":{"line":21,"column":10}},"10":{"start":{"line":24,"column":8},"end":{"line":24,"column":20}},"11":{"start":{"line":30,"column":19},"end":{"line":30,"column":40}},"12":{"start":{"line":32,"column":8},"end":{"line":34,"column":9}},"13":{"start":{"line":33,"column":12},"end":{"line":33,"column":97}},"14":{"start":{"line":36,"column":8},"end":{"line":38,"column":9}},"15":{"start":{"line":37,"column":12},"end":{"line":37,"column":96}},"16":{"start":{"line":40,"column":22},"end":{"line":42,"column":22}},"17":{"start":{"line":44,"column":8},"end":{"line":44,"column":29}},"18":{"start":{"line":48,"column":0},"end":{"line":48,"column":27}}},"fnMap":{"0":{"name":"(anonymous_13)","decl":{"start":{"line":9,"column":10},"end":{"line":9,"column":20}},"loc":{"start":{"line":9,"column":66},"end":{"line":25,"column":null}}},"1":{"name":"(anonymous_15)","decl":{"start":{"line":28,"column":10},"end":{"line":28,"column":19}},"loc":{"start":{"line":28,"column":51},"end":{"line":45,"column":null}}}},"branchMap":{"0":{"loc":{"start":{"line":13,"column":8},"end":{"line":15,"column":9}},"type":"if","locations":[{"start":{"line":13,"column":8},"end":{"line":15,"column":9}}]},"1":{"loc":{"start":{"line":32,"column":8},"end":{"line":34,"column":9}},"type":"if","locations":[{"start":{"line":32,"column":8},"end":{"line":34,"column":9}}]},"2":{"loc":{"start":{"line":36,"column":8},"end":{"line":38,"column":9}},"type":"if","locations":[{"start":{"line":36,"column":8},"end":{"line":38,"column":9}}]}},"s":{"0":1,"1":1,"2":1,"3":1,"4":1,"5":1,"6":1,"7":1,"8":0,"9":1,"10":1,"11":1,"12":1,"13":0,"14":1,"15":0,"16":1,"17":1,"18":1},"f":{"0":1,"1":1},"b":{"0":[0],"1":[0],"2":[0]}}
}
