TN:
SF:src/prisma.ts
FNF:0
FNH:0
DA:1,2
DA:3,2
LF:2
LH:2
BRF:0
BRH:0
end_of_record
TN:
SF:src/secrets.ts
FNF:0
FNH:0
DA:1,1
DA:3,1
DA:7,1
DA:8,1
LF:4
LH:4
BRF:0
BRH:0
end_of_record
TN:
SF:src/exceptions/bad-requests.ts
FN:4,(anonymous_0)
FNF:1
FNH:0
FNDA:0,(anonymous_0)
DA:1,2
DA:3,2
DA:5,0
LF:3
LH:2
BRF:0
BRH:0
end_of_record
TN:
SF:src/exceptions/http.exception.ts
FN:6,(anonymous_0)
FN:14,(anonymous_1)
FN:41,(anonymous_2)
FNF:3
FNH:2
FNDA:0,(anonymous_0)
FNDA:2,(anonymous_1)
FNDA:2,(anonymous_2)
DA:1,2
DA:7,0
DA:8,0
DA:9,0
DA:10,0
DA:14,2
DA:15,2
DA:16,2
DA:17,2
DA:18,2
DA:19,2
DA:20,2
DA:21,2
DA:22,2
DA:23,2
DA:24,2
DA:25,2
DA:26,2
DA:27,2
DA:28,2
DA:29,2
DA:30,2
DA:31,2
DA:32,2
DA:33,2
DA:34,2
DA:35,2
DA:36,2
DA:37,2
DA:38,2
DA:41,2
DA:42,2
DA:43,2
DA:44,2
DA:45,2
DA:46,2
DA:47,2
DA:48,2
DA:49,2
DA:50,2
DA:51,2
LF:41
LH:37
BRDA:14,0,0,2
BRDA:14,0,1,2
BRDA:41,1,0,2
BRDA:41,1,1,2
BRF:4
BRH:4
end_of_record
TN:
SF:src/repositories/book.repository.ts
FN:3,(anonymous_7)
FN:3,(anonymous_8)
FN:16,(anonymous_9)
FN:16,(anonymous_10)
FN:20,(anonymous_11)
FN:20,(anonymous_12)
FN:24,(anonymous_13)
FN:24,(anonymous_14)
FN:28,(anonymous_15)
FN:28,(anonymous_16)
FN:40,(anonymous_17)
FN:40,(anonymous_18)
FNF:12
FNH:0
FNDA:0,(anonymous_7)
FNDA:0,(anonymous_8)
FNDA:0,(anonymous_9)
FNDA:0,(anonymous_10)
FNDA:0,(anonymous_11)
FNDA:0,(anonymous_12)
FNDA:0,(anonymous_13)
FNDA:0,(anonymous_14)
FNDA:0,(anonymous_15)
FNDA:0,(anonymous_16)
FNDA:0,(anonymous_17)
FNDA:0,(anonymous_18)
DA:1,1
DA:3,1
DA:5,0
DA:16,1
DA:17,0
DA:20,1
DA:21,0
DA:24,1
DA:25,0
DA:28,1
DA:29,0
DA:40,1
DA:41,0
LF:13
LH:7
BRF:0
BRH:0
end_of_record
TN:
SF:src/repositories/user.repository.ts
FN:5,(anonymous_7)
FN:5,(anonymous_8)
FN:11,(anonymous_9)
FN:11,(anonymous_10)
FNF:4
FNH:0
FNDA:0,(anonymous_7)
FNDA:0,(anonymous_8)
FNDA:0,(anonymous_9)
FNDA:0,(anonymous_10)
DA:1,1
DA:5,1
DA:6,0
DA:11,1
DA:12,0
LF:5
LH:3
BRF:0
BRH:0
end_of_record
TN:
SF:src/services/book.service.ts
FN:7,(anonymous_7)
FN:24,(anonymous_9)
FN:28,(anonymous_11)
FNF:3
FNH:1
FNDA:1,(anonymous_7)
FNDA:0,(anonymous_9)
FNDA:0,(anonymous_11)
DA:1,1
DA:2,1
DA:3,1
DA:9,1
DA:11,1
DA:12,0
DA:15,1
DA:25,0
DA:29,0
DA:33,1
LF:10
LH:7
BRDA:11,0,0,0
BRF:1
BRH:0
end_of_record
TN:
SF:src/services/user.service.ts
FN:9,(anonymous_13)
FN:28,(anonymous_15)
FNF:2
FNH:2
FNDA:1,(anonymous_13)
FNDA:1,(anonymous_15)
DA:1,1
DA:2,1
DA:3,1
DA:4,1
DA:5,1
DA:6,1
DA:11,1
DA:13,1
DA:14,0
DA:17,1
DA:24,1
DA:30,1
DA:32,1
DA:33,0
DA:36,1
DA:37,0
DA:40,1
DA:44,1
DA:48,1
LF:19
LH:16
BRDA:13,0,0,0
BRDA:32,1,0,0
BRDA:36,2,0,0
BRF:3
BRH:0
end_of_record
